<?xml version="1.0" encoding="UTF-8"?>
<!-- Generated by org.testng.reporters.JUnitReportReporter -->
<testsuite hostname="DESKTOP-KEI7M37" failures="0" tests="2" name="ITS.VTS.testcases.tets" time="0.012" errors="0" timestamp="2024-06-27T22:54:05 IST" skipped="0">
  <testcase classname="ITS.VTS.testcases.tets" name="test" time="0.008"/>
  <testcase classname="ITS.VTS.testcases.tets" name="test1" time="0.004"/>
</testsuite> <!-- ITS.VTS.testcases.tets -->
