<?xml version="1.0" encoding="UTF-8"?>
<!-- Generated by org.testng.reporters.JUnitReportReporter -->
<testsuite hostname="DESKTOP-KEI7M37" failures="0" tests="4" name="Test.LoginTest" time="37.534" errors="0" timestamp="2024-07-23T22:50:37 IST" skipped="0">
  <testcase classname="Test.LoginTest" name="HomeButtonTesting" time="9.628"/>
  <testcase classname="Test.LoginTest" name="ForgotLoginTest" time="10.018"/>
  <testcase classname="Test.LoginTest" name="BankLogo" time="5.738"/>
  <testcase classname="Test.LoginTest" name="TitleTest" time="12.150"/>
</testsuite> <!-- Test.LoginTest -->
