<?xml version="1.0" encoding="UTF-8"?>
<!-- Generated by org.testng.reporters.JUnitReportReporter -->
<testsuite hostname="DESKTOP-KEI7M37" failures="0" tests="4" name="Test.LoginTest" time="34.653" errors="0" timestamp="2024-07-23T23:49:48 IST" skipped="0">
  <testcase classname="Test.LoginTest" name="TitleTest" time="5.917"/>
  <testcase classname="Test.LoginTest" name="BankLogo" time="8.131"/>
  <testcase classname="Test.LoginTest" name="ForgotLoginTest" time="8.239"/>
  <testcase classname="Test.LoginTest" name="HomeButtonTesting" time="12.366"/>
</testsuite> <!-- Test.LoginTest -->
