<?xml version="1.0" encoding="UTF-8"?>
<!-- Generated by org.testng.reporters.JUnitReportReporter -->
<testsuite hostname="DESKTOP-KEI7M37" failures="0" tests="4" name="Test.LoginTest" time="38.501" errors="0" timestamp="2024-07-24T00:57:02 IST" skipped="0">
  <testcase classname="Test.LoginTest" name="TitleTest" time="6.760"/>
  <testcase classname="Test.LoginTest" name="BankLogo" time="8.697"/>
  <testcase classname="Test.LoginTest" name="ForgotLoginTest" time="8.753"/>
  <testcase classname="Test.LoginTest" name="HomeButtonTesting" time="14.291"/>
</testsuite> <!-- Test.LoginTest -->
